2026-03-26T15:10:06.287-04:00  INFO 13020 --- [user-service] [restartedMain] c.i.user_service.UserServiceApplication  : Starting UserServiceApplication using Java 25.0.2 with PID 13020 (C:\Users\HP-OMEN\Desktop\Taller D\Group-C_Droca-Inmob_Backend\user-service\target\classes started by HP-OMEN in C:\Users\HP-OMEN\Desktop\Taller D\Group-C_Droca-Inmob_Backend\user-service)
2026-03-26T15:10:06.287-04:00  INFO 13020 --- [user-service] [restartedMain] c.i.user_service.UserServiceApplication  : No active profile set, falling back to 1 default profile: "default"
2026-03-26T15:10:06.832-04:00  INFO 13020 --- [user-service] [restartedMain] .s.d.r.c.RepositoryConfigurationDelegate : Bootstrapping Spring Data MongoDB repositories in DEFAULT mode.
2026-03-26T15:10:06.846-04:00  INFO 13020 --- [user-service] [restartedMain] .s.d.r.c.RepositoryConfigurationDelegate : Finished Spring Data repository scanning in 13 ms. Found 1 MongoDB repository interface.
2026-03-26T15:10:06.989-04:00  INFO 13020 --- [user-service] [restartedMain] o.s.cloud.context.scope.GenericScope     : BeanFactory id=5d06f482-5e75-3d56-9ad8-e8a822eacae3
2026-03-26T15:10:07.068-04:00  INFO 13020 --- [user-service] [restartedMain] o.s.b.w.embedded.tomcat.TomcatWebServer  : Tomcat initialized with port 8084 (http)
2026-03-26T15:10:07.070-04:00  INFO 13020 --- [user-service] [restartedMain] o.apache.catalina.core.StandardService   : Starting service [Tomcat]
2026-03-26T15:10:07.070-04:00  INFO 13020 --- [user-service] [restartedMain] o.apache.catalina.core.StandardEngine    : Starting Servlet engine: [Apache Tomcat/10.1.52]
2026-03-26T15:10:07.107-04:00  INFO 13020 --- [user-service] [restartedMain] o.a.c.c.C.[Tomcat-1].[localhost].[/]     : Initializing Spring embedded WebApplicationContext
2026-03-26T15:10:07.107-04:00  INFO 13020 --- [user-service] [restartedMain] w.s.c.ServletWebServerApplicationContext : Root WebApplicationContext: initialization completed in 817 ms
2026-03-26T15:10:07.191-04:00  INFO 13020 --- [user-service] [restartedMain] org.mongodb.driver.client                : MongoClient with metadata {"driver": {"name": "mongo-java-driver|sync|spring-boot", "version": "5.5.2"}, "os": {"type": "Windows", "name": "Windows 10", "architecture": "amd64", "version": "10.0"}, "platform": "Java/Eclipse Adoptium/25.0.2+10-LTS"} created with settings MongoClientSettings{readPreference=primary, writeConcern=WriteConcern{w=null, wTimeout=null ms, journal=null}, retryWrites=true, retryReads=true, readConcern=ReadConcern{level=null}, credential=MongoCredential{mechanism=null, userName='admin', source='admin', password=<hidden>, mechanismProperties=<hidden>}, transportSettings=null, commandListeners=[io.micrometer.core.instrument.binder.mongodb.MongoMetricsCommandListener@b5532fe], codecRegistry=ProvidersCodecRegistry{codecProviders=[ValueCodecProvider{}, BsonValueCodecProvider{}, DBRefCodecProvider{}, DBObjectCodecProvider{}, DocumentCodecProvider{}, CollectionCodecProvider{}, IterableCodecProvider{}, MapCodecProvider{}, GeoJsonCodecProvider{}, GridFSFileCodecProvider{}, Jsr310CodecProvider{}, JsonObjectCodecProvider{}, BsonCodecProvider{}, EnumCodecProvider{}, com.mongodb.client.model.mql.ExpressionCodecProvider@3a2eca08, com.mongodb.Jep395RecordCodecProvider@2f3c299, com.mongodb.KotlinCodecProvider@277d2244]}, loggerSettings=LoggerSettings{maxDocumentLength=1000}, clusterSettings={hosts=[localhost:27017], srvServiceName=mongodb, mode=SINGLE, requiredClusterType=UNKNOWN, requiredReplicaSetName='null', serverSelector='null', clusterListeners='[]', serverSelectionTimeout='30000 ms', localThreshold='15 ms'}, socketSettings=SocketSettings{connectTimeoutMS=10000, readTimeoutMS=0, receiveBufferSize=0, proxySettings=ProxySettings{host=null, port=null, username=null, password=null}}, heartbeatSocketSettings=SocketSettings{connectTimeoutMS=10000, readTimeoutMS=10000, receiveBufferSize=0, proxySettings=ProxySettings{host=null, port=null, username=null, password=null}}, connectionPoolSettings=ConnectionPoolSettings{maxSize=100, minSize=0, maxWaitTimeMS=120000, maxConnectionLifeTimeMS=0, maxConnectionIdleTimeMS=0, maintenanceInitialDelayMS=0, maintenanceFrequencyMS=60000, connectionPoolListeners=[io.micrometer.core.instrument.binder.mongodb.MongoMetricsConnectionPoolListener@74a22a93], maxConnecting=2}, serverSettings=ServerSettings{heartbeatFrequencyMS=10000, minHeartbeatFrequencyMS=500, serverMonitoringMode=AUTO, serverListeners='[]', serverMonitorListeners='[]'}, sslSettings=SslSettings{enabled=false, invalidHostNameAllowed=false, context=null}, applicationName='null', compressorList=[], uuidRepresentation=JAVA_LEGACY, serverApi=null, autoEncryptionSettings=null, dnsClient=null, inetAddressResolver=null, contextProvider=null, timeoutMS=null}
2026-03-26T15:10:07.196-04:00  INFO 13020 --- [user-service] [cluster-ClusterId{value='69c5848f71852daac6f63068', description='null'}-localhost:27017] org.mongodb.driver.cluster               : Monitor thread successfully connected to server with description ServerDescription{address=localhost:27017, type=STANDALONE, cryptd=false, state=CONNECTED, ok=true, minWireVersion=0, maxWireVersion=21, maxDocumentSize=16777216, logicalSessionTimeoutMinutes=30, roundTripTimeNanos=2609500, minRoundTripTimeNanos=0}
2026-03-26T15:10:07.219-04:00  WARN 13020 --- [user-service] [restartedMain] o.s.b.d.a.OptionalLiveReloadServer       : Unable to start LiveReload server
2026-03-26T15:10:07.321-04:00  INFO 13020 --- [user-service] [restartedMain] o.s.c.openfeign.FeignClientFactoryBean   : For 'identity-service' URL not provided. Will try picking an instance via load-balancing.
2026-03-26T15:10:07.356-04:00  INFO 13020 --- [user-service] [restartedMain] o.s.c.openfeign.FeignClientFactoryBean   : For 'access-control-service' URL not provided. Will try picking an instance via load-balancing.
2026-03-26T15:10:07.549-04:00  INFO 13020 --- [user-service] [restartedMain] DiscoveryClientOptionalArgsConfiguration : Eureka HTTP Client uses RestTemplate.
2026-03-26T15:10:07.561-04:00  WARN 13020 --- [user-service] [restartedMain] iguration$LoadBalancerCaffeineWarnLogger : Spring Cloud LoadBalancer is currently working with the default cache. While this cache implementation is useful for development and tests, it's recommended to use Caffeine cache in production.You can switch to using Caffeine cache, by adding it and org.springframework.cache.caffeine.CaffeineCacheManager to the classpath.
2026-03-26T15:10:07.565-04:00  INFO 13020 --- [user-service] [restartedMain] o.s.b.a.e.web.EndpointLinksResolver      : Exposing 3 endpoints beneath base path '/actuator'
2026-03-26T15:10:07.582-04:00  INFO 13020 --- [user-service] [restartedMain] o.s.c.n.eureka.InstanceInfoFactory       : Setting initial instance status as: STARTING
2026-03-26T15:10:07.584-04:00  INFO 13020 --- [user-service] [restartedMain] com.netflix.discovery.DiscoveryClient    : Initializing Eureka in region us-east-1
2026-03-26T15:10:07.584-04:00  INFO 13020 --- [user-service] [restartedMain] c.n.d.s.r.aws.ConfigClusterResolver      : Resolving eureka endpoints via configuration
2026-03-26T15:10:07.584-04:00  INFO 13020 --- [user-service] [restartedMain] com.netflix.discovery.DiscoveryClient    : Disable delta property : false
2026-03-26T15:10:07.585-04:00  INFO 13020 --- [user-service] [restartedMain] com.netflix.discovery.DiscoveryClient    : Single vip registry refresh property : null
2026-03-26T15:10:07.585-04:00  INFO 13020 --- [user-service] [restartedMain] com.netflix.discovery.DiscoveryClient    : Force full registry fetch : false
2026-03-26T15:10:07.585-04:00  INFO 13020 --- [user-service] [restartedMain] com.netflix.discovery.DiscoveryClient    : Application is null : false
2026-03-26T15:10:07.585-04:00  INFO 13020 --- [user-service] [restartedMain] com.netflix.discovery.DiscoveryClient    : Registered Applications size is zero : true
2026-03-26T15:10:07.585-04:00  INFO 13020 --- [user-service] [restartedMain] com.netflix.discovery.DiscoveryClient    : Application version is -1: true
2026-03-26T15:10:07.585-04:00  INFO 13020 --- [user-service] [restartedMain] com.netflix.discovery.DiscoveryClient    : Getting all instance registry info from the eureka server
2026-03-26T15:10:07.617-04:00  INFO 13020 --- [user-service] [restartedMain] com.netflix.discovery.DiscoveryClient    : The response status is 200
2026-03-26T15:10:07.617-04:00  INFO 13020 --- [user-service] [restartedMain] com.netflix.discovery.DiscoveryClient    : Starting heartbeat executor: renew interval is: 30
2026-03-26T15:10:07.617-04:00  INFO 13020 --- [user-service] [restartedMain] c.n.discovery.InstanceInfoReplicator     : InstanceInfoReplicator onDemand update allowed rate per min is 4
2026-03-26T15:10:07.618-04:00  INFO 13020 --- [user-service] [restartedMain] com.netflix.discovery.DiscoveryClient    : Discovery Client initialized at timestamp 1774552207618 with initial instances count: 6
2026-03-26T15:10:07.619-04:00  INFO 13020 --- [user-service] [restartedMain] o.s.c.n.e.s.EurekaServiceRegistry        : Registering application USER-SERVICE with eureka with status UP
2026-03-26T15:10:07.619-04:00  INFO 13020 --- [user-service] [restartedMain] com.netflix.discovery.DiscoveryClient    : Saw local status change event StatusChangeEvent [timestamp=1774552207619, current=UP, previous=STARTING]
2026-03-26T15:10:07.619-04:00  INFO 13020 --- [user-service] [DiscoveryClient-InstanceInfoReplicator-%d] com.netflix.discovery.DiscoveryClient    : DiscoveryClient_USER-SERVICE/DESKTOP-JBAILU1:user-service:8084: registering service...
2026-03-26T15:10:07.622-04:00  INFO 13020 --- [user-service] [restartedMain] o.s.b.w.embedded.tomcat.TomcatWebServer  : Tomcat started on port 8084 (http) with context path '/'
2026-03-26T15:10:07.623-04:00  INFO 13020 --- [user-service] [restartedMain] .s.c.n.e.s.EurekaAutoServiceRegistration : Updating port to 8084
2026-03-26T15:10:07.634-04:00  INFO 13020 --- [user-service] [DiscoveryClient-InstanceInfoReplicator-%d] com.netflix.discovery.DiscoveryClient    : DiscoveryClient_USER-SERVICE/DESKTOP-JBAILU1:user-service:8084 - registration status: 204
2026-03-26T15:10:07.654-04:00  INFO 13020 --- [user-service] [restartedMain] c.i.user_service.UserServiceApplication  : Started UserServiceApplication in 1.465 seconds (process running for 7125.659)
2026-03-26T15:10:07.656-04:00  INFO 13020 --- [user-service] [restartedMain] .ConditionEvaluationDeltaLoggingListener : Condition evaluation unchanged
2026-03-26T15:12:14.354-04:00  INFO 13020 --- [user-service] [File Watcher] rtingClassPathChangeChangedEventListener : Restarting due to 1 class path change (0 additions, 0 deletions, 1 modification)
2026-03-26T15:12:14.355-04:00  INFO 13020 --- [user-service] [Thread-48] o.s.c.n.e.s.EurekaServiceRegistry        : Unregistering application USER-SERVICE with eureka with status DOWN
2026-03-26T15:12:14.355-04:00  INFO 13020 --- [user-service] [Thread-48] com.netflix.discovery.DiscoveryClient    : Saw local status change event StatusChangeEvent [timestamp=1774552334355, current=DOWN, previous=UP]
2026-03-26T15:12:14.355-04:00  INFO 13020 --- [user-service] [DiscoveryClient-InstanceInfoReplicator-%d] com.netflix.discovery.DiscoveryClient    : DiscoveryClient_USER-SERVICE/DESKTOP-JBAILU1:user-service:8084: registering service...
2026-03-26T15:12:14.356-04:00  INFO 13020 --- [user-service] [Thread-48] o.s.b.w.e.tomcat.GracefulShutdown        : Commencing graceful shutdown. Waiting for active requests to complete
2026-03-26T15:12:14.363-04:00  INFO 13020 --- [user-service] [DiscoveryClient-InstanceInfoReplicator-%d] com.netflix.discovery.DiscoveryClient    : DiscoveryClient_USER-SERVICE/DESKTOP-JBAILU1:user-service:8084 - registration status: 204
2026-03-26T15:12:14.381-04:00  INFO 13020 --- [user-service] [tomcat-shutdown] o.s.b.w.e.tomcat.GracefulShutdown        : Graceful shutdown complete
2026-03-26T15:12:14.390-04:00  INFO 13020 --- [user-service] [Thread-48] com.netflix.discovery.DiscoveryClient    : Shutting down DiscoveryClient ...
2026-03-26T15:12:17.391-04:00  INFO 13020 --- [user-service] [Thread-48] com.netflix.discovery.DiscoveryClient    : Unregistering ...
2026-03-26T15:12:17.398-04:00  INFO 13020 --- [user-service] [Thread-48] com.netflix.discovery.DiscoveryClient    : DiscoveryClient_USER-SERVICE/DESKTOP-JBAILU1:user-service:8084 - deregister  status: 200
2026-03-26T15:12:17.398-04:00  INFO 13020 --- [user-service] [Thread-48] com.netflix.discovery.DiscoveryClient    : Completed shut down of DiscoveryClient
2026-03-26T15:12:17.553-04:00  INFO 13020 --- [user-service] [restartedMain] c.i.user_service.UserServiceApplication  : Starting UserServiceApplication using Java 25.0.2 with PID 13020 (C:\Users\HP-OMEN\Desktop\Taller D\Group-C_Droca-Inmob_Backend\user-service\target\classes started by HP-OMEN in C:\Users\HP-OMEN\Desktop\Taller D\Group-C_Droca-Inmob_Backend\user-service)
2026-03-26T15:12:17.554-04:00  INFO 13020 --- [user-service] [restartedMain] c.i.user_service.UserServiceApplication  : No active profile set, falling back to 1 default profile: "default"
2026-03-26T15:12:18.116-04:00  INFO 13020 --- [user-service] [restartedMain] .s.d.r.c.RepositoryConfigurationDelegate : Bootstrapping Spring Data MongoDB repositories in DEFAULT mode.
2026-03-26T15:12:18.139-04:00  INFO 13020 --- [user-service] [restartedMain] .s.d.r.c.RepositoryConfigurationDelegate : Finished Spring Data repository scanning in 21 ms. Found 1 MongoDB repository interface.
2026-03-26T15:12:18.317-04:00  INFO 13020 --- [user-service] [restartedMain] o.s.cloud.context.scope.GenericScope     : BeanFactory id=5d06f482-5e75-3d56-9ad8-e8a822eacae3
2026-03-26T15:12:18.414-04:00  INFO 13020 --- [user-service] [restartedMain] o.s.b.w.embedded.tomcat.TomcatWebServer  : Tomcat initialized with port 8084 (http)
2026-03-26T15:12:18.417-04:00  INFO 13020 --- [user-service] [restartedMain] o.apache.catalina.core.StandardService   : Starting service [Tomcat]
2026-03-26T15:12:18.417-04:00  INFO 13020 --- [user-service] [restartedMain] o.apache.catalina.core.StandardEngine    : Starting Servlet engine: [Apache Tomcat/10.1.52]
2026-03-26T15:12:18.457-04:00  INFO 13020 --- [user-service] [restartedMain] o.a.c.c.C.[Tomcat-1].[localhost].[/]     : Initializing Spring embedded WebApplicationContext
2026-03-26T15:12:18.458-04:00  INFO 13020 --- [user-service] [restartedMain] w.s.c.ServletWebServerApplicationContext : Root WebApplicationContext: initialization completed in 901 ms
2026-03-26T15:12:18.572-04:00  INFO 13020 --- [user-service] [restartedMain] org.mongodb.driver.client                : MongoClient with metadata {"driver": {"name": "mongo-java-driver|sync|spring-boot", "version": "5.5.2"}, "os": {"type": "Windows", "name": "Windows 10", "architecture": "amd64", "version": "10.0"}, "platform": "Java/Eclipse Adoptium/25.0.2+10-LTS"} created with settings MongoClientSettings{readPreference=primary, writeConcern=WriteConcern{w=null, wTimeout=null ms, journal=null}, retryWrites=true, retryReads=true, readConcern=ReadConcern{level=null}, credential=MongoCredential{mechanism=null, userName='admin', source='admin', password=<hidden>, mechanismProperties=<hidden>}, transportSettings=null, commandListeners=[io.micrometer.core.instrument.binder.mongodb.MongoMetricsCommandListener@35184cda], codecRegistry=ProvidersCodecRegistry{codecProviders=[ValueCodecProvider{}, BsonValueCodecProvider{}, DBRefCodecProvider{}, DBObjectCodecProvider{}, DocumentCodecProvider{}, CollectionCodecProvider{}, IterableCodecProvider{}, MapCodecProvider{}, GeoJsonCodecProvider{}, GridFSFileCodecProvider{}, Jsr310CodecProvider{}, JsonObjectCodecProvider{}, BsonCodecProvider{}, EnumCodecProvider{}, com.mongodb.client.model.mql.ExpressionCodecProvider@3a2eca08, com.mongodb.Jep395RecordCodecProvider@2f3c299, com.mongodb.KotlinCodecProvider@277d2244]}, loggerSettings=LoggerSettings{maxDocumentLength=1000}, clusterSettings={hosts=[localhost:27017], srvServiceName=mongodb, mode=SINGLE, requiredClusterType=UNKNOWN, requiredReplicaSetName='null', serverSelector='null', clusterListeners='[]', serverSelectionTimeout='30000 ms', localThreshold='15 ms'}, socketSettings=SocketSettings{connectTimeoutMS=10000, readTimeoutMS=0, receiveBufferSize=0, proxySettings=ProxySettings{host=null, port=null, username=null, password=null}}, heartbeatSocketSettings=SocketSettings{connectTimeoutMS=10000, readTimeoutMS=10000, receiveBufferSize=0, proxySettings=ProxySettings{host=null, port=null, username=null, password=null}}, connectionPoolSettings=ConnectionPoolSettings{maxSize=100, minSize=0, maxWaitTimeMS=120000, maxConnectionLifeTimeMS=0, maxConnectionIdleTimeMS=0, maintenanceInitialDelayMS=0, maintenanceFrequencyMS=60000, connectionPoolListeners=[io.micrometer.core.instrument.binder.mongodb.MongoMetricsConnectionPoolListener@2151dad0], maxConnecting=2}, serverSettings=ServerSettings{heartbeatFrequencyMS=10000, minHeartbeatFrequencyMS=500, serverMonitoringMode=AUTO, serverListeners='[]', serverMonitorListeners='[]'}, sslSettings=SslSettings{enabled=false, invalidHostNameAllowed=false, context=null}, applicationName='null', compressorList=[], uuidRepresentation=JAVA_LEGACY, serverApi=null, autoEncryptionSettings=null, dnsClient=null, inetAddressResolver=null, contextProvider=null, timeoutMS=null}
2026-03-26T15:12:18.579-04:00  INFO 13020 --- [user-service] [cluster-ClusterId{value='69c5851271852daac6f63069', description='null'}-localhost:27017] org.mongodb.driver.cluster               : Monitor thread successfully connected to server with description ServerDescription{address=localhost:27017, type=STANDALONE, cryptd=false, state=CONNECTED, ok=true, minWireVersion=0, maxWireVersion=21, maxDocumentSize=16777216, logicalSessionTimeoutMinutes=30, roundTripTimeNanos=5628200, minRoundTripTimeNanos=0}
2026-03-26T15:12:18.614-04:00  WARN 13020 --- [user-service] [restartedMain] o.s.b.d.a.OptionalLiveReloadServer       : Unable to start LiveReload server
2026-03-26T15:12:18.751-04:00  INFO 13020 --- [user-service] [restartedMain] o.s.c.openfeign.FeignClientFactoryBean   : For 'identity-service' URL not provided. Will try picking an instance via load-balancing.
2026-03-26T15:12:18.779-04:00  INFO 13020 --- [user-service] [restartedMain] o.s.c.openfeign.FeignClientFactoryBean   : For 'access-control-service' URL not provided. Will try picking an instance via load-balancing.
2026-03-26T15:12:18.980-04:00  INFO 13020 --- [user-service] [restartedMain] DiscoveryClientOptionalArgsConfiguration : Eureka HTTP Client uses RestTemplate.
2026-03-26T15:12:18.995-04:00  WARN 13020 --- [user-service] [restartedMain] iguration$LoadBalancerCaffeineWarnLogger : Spring Cloud LoadBalancer is currently working with the default cache. While this cache implementation is useful for development and tests, it's recommended to use Caffeine cache in production.You can switch to using Caffeine cache, by adding it and org.springframework.cache.caffeine.CaffeineCacheManager to the classpath.
2026-03-26T15:12:19.000-04:00  INFO 13020 --- [user-service] [restartedMain] o.s.b.a.e.web.EndpointLinksResolver      : Exposing 3 endpoints beneath base path '/actuator'
2026-03-26T15:12:19.018-04:00  INFO 13020 --- [user-service] [restartedMain] o.s.c.n.eureka.InstanceInfoFactory       : Setting initial instance status as: STARTING
2026-03-26T15:12:19.021-04:00  INFO 13020 --- [user-service] [restartedMain] com.netflix.discovery.DiscoveryClient    : Initializing Eureka in region us-east-1
2026-03-26T15:12:19.021-04:00  INFO 13020 --- [user-service] [restartedMain] c.n.d.s.r.aws.ConfigClusterResolver      : Resolving eureka endpoints via configuration
2026-03-26T15:12:19.021-04:00  INFO 13020 --- [user-service] [restartedMain] com.netflix.discovery.DiscoveryClient    : Disable delta property : false
2026-03-26T15:12:19.022-04:00  INFO 13020 --- [user-service] [restartedMain] com.netflix.discovery.DiscoveryClient    : Single vip registry refresh property : null
2026-03-26T15:12:19.022-04:00  INFO 13020 --- [user-service] [restartedMain] com.netflix.discovery.DiscoveryClient    : Force full registry fetch : false
2026-03-26T15:12:19.022-04:00  INFO 13020 --- [user-service] [restartedMain] com.netflix.discovery.DiscoveryClient    : Application is null : false
2026-03-26T15:12:19.022-04:00  INFO 13020 --- [user-service] [restartedMain] com.netflix.discovery.DiscoveryClient    : Registered Applications size is zero : true
2026-03-26T15:12:19.022-04:00  INFO 13020 --- [user-service] [restartedMain] com.netflix.discovery.DiscoveryClient    : Application version is -1: true
2026-03-26T15:12:19.022-04:00  INFO 13020 --- [user-service] [restartedMain] com.netflix.discovery.DiscoveryClient    : Getting all instance registry info from the eureka server
2026-03-26T15:12:19.057-04:00  INFO 13020 --- [user-service] [restartedMain] com.netflix.discovery.DiscoveryClient    : The response status is 200
2026-03-26T15:12:19.057-04:00  INFO 13020 --- [user-service] [restartedMain] com.netflix.discovery.DiscoveryClient    : Starting heartbeat executor: renew interval is: 30
2026-03-26T15:12:19.058-04:00  INFO 13020 --- [user-service] [restartedMain] c.n.discovery.InstanceInfoReplicator     : InstanceInfoReplicator onDemand update allowed rate per min is 4
2026-03-26T15:12:19.058-04:00  INFO 13020 --- [user-service] [restartedMain] com.netflix.discovery.DiscoveryClient    : Discovery Client initialized at timestamp 1774552339058 with initial instances count: 6
2026-03-26T15:12:19.059-04:00  INFO 13020 --- [user-service] [restartedMain] o.s.c.n.e.s.EurekaServiceRegistry        : Registering application USER-SERVICE with eureka with status UP
2026-03-26T15:12:19.060-04:00  INFO 13020 --- [user-service] [restartedMain] com.netflix.discovery.DiscoveryClient    : Saw local status change event StatusChangeEvent [timestamp=1774552339060, current=UP, previous=STARTING]
2026-03-26T15:12:19.060-04:00  INFO 13020 --- [user-service] [DiscoveryClient-InstanceInfoReplicator-%d] com.netflix.discovery.DiscoveryClient    : DiscoveryClient_USER-SERVICE/DESKTOP-JBAILU1:user-service:8084: registering service...
2026-03-26T15:12:19.065-04:00  INFO 13020 --- [user-service] [restartedMain] o.s.b.w.embedded.tomcat.TomcatWebServer  : Tomcat started on port 8084 (http) with context path '/'
2026-03-26T15:12:19.065-04:00  INFO 13020 --- [user-service] [restartedMain] .s.c.n.e.s.EurekaAutoServiceRegistration : Updating port to 8084
2026-03-26T15:12:19.076-04:00  INFO 13020 --- [user-service] [DiscoveryClient-InstanceInfoReplicator-%d] com.netflix.discovery.DiscoveryClient    : DiscoveryClient_USER-SERVICE/DESKTOP-JBAILU1:user-service:8084 - registration status: 204
2026-03-26T15:12:19.098-04:00  INFO 13020 --- [user-service] [restartedMain] c.i.user_service.UserServiceApplication  : Started UserServiceApplication in 1.617 seconds (process running for 7257.103)
2026-03-26T15:12:19.101-04:00  INFO 13020 --- [user-service] [restartedMain] .ConditionEvaluationDeltaLoggingListener : Condition evaluation unchanged
2026-03-26T15:13:29.701-04:00  INFO 13020 --- [user-service] [File Watcher] rtingClassPathChangeChangedEventListener : Restarting due to 5 class path changes (0 additions, 0 deletions, 5 modifications)
2026-03-26T15:13:29.705-04:00  INFO 13020 --- [user-service] [Thread-54] o.s.c.n.e.s.EurekaServiceRegistry        : Unregistering application USER-SERVICE with eureka with status DOWN
2026-03-26T15:13:29.706-04:00  INFO 13020 --- [user-service] [Thread-54] com.netflix.discovery.DiscoveryClient    : Saw local status change event StatusChangeEvent [timestamp=1774552409706, current=DOWN, previous=UP]
2026-03-26T15:13:29.706-04:00  INFO 13020 --- [user-service] [DiscoveryClient-InstanceInfoReplicator-%d] com.netflix.discovery.DiscoveryClient    : DiscoveryClient_USER-SERVICE/DESKTOP-JBAILU1:user-service:8084: registering service...
2026-03-26T15:13:29.708-04:00  INFO 13020 --- [user-service] [Thread-54] o.s.b.w.e.tomcat.GracefulShutdown        : Commencing graceful shutdown. Waiting for active requests to complete
2026-03-26T15:13:29.715-04:00  INFO 13020 --- [user-service] [DiscoveryClient-InstanceInfoReplicator-%d] com.netflix.discovery.DiscoveryClient    : DiscoveryClient_USER-SERVICE/DESKTOP-JBAILU1:user-service:8084 - registration status: 204
2026-03-26T15:13:29.737-04:00  INFO 13020 --- [user-service] [tomcat-shutdown] o.s.b.w.e.tomcat.GracefulShutdown        : Graceful shutdown complete
2026-03-26T15:13:29.744-04:00  INFO 13020 --- [user-service] [Thread-54] com.netflix.discovery.DiscoveryClient    : Shutting down DiscoveryClient ...
2026-03-26T15:13:32.747-04:00  INFO 13020 --- [user-service] [Thread-54] com.netflix.discovery.DiscoveryClient    : Unregistering ...
2026-03-26T15:13:32.752-04:00  INFO 13020 --- [user-service] [Thread-54] com.netflix.discovery.DiscoveryClient    : DiscoveryClient_USER-SERVICE/DESKTOP-JBAILU1:user-service:8084 - deregister  status: 200
2026-03-26T15:13:32.752-04:00  INFO 13020 --- [user-service] [Thread-54] com.netflix.discovery.DiscoveryClient    : Completed shut down of DiscoveryClient
2026-03-26T15:13:32.902-04:00  INFO 13020 --- [user-service] [restartedMain] c.i.user_service.UserServiceApplication  : Starting UserServiceApplication using Java 25.0.2 with PID 13020 (C:\Users\HP-OMEN\Desktop\Taller D\Group-C_Droca-Inmob_Backend\user-service\target\classes started by HP-OMEN in C:\Users\HP-OMEN\Desktop\Taller D\Group-C_Droca-Inmob_Backend\user-service)
2026-03-26T15:13:32.902-04:00  INFO 13020 --- [user-service] [restartedMain] c.i.user_service.UserServiceApplication  : No active profile set, falling back to 1 default profile: "default"
2026-03-26T15:13:33.386-04:00  INFO 13020 --- [user-service] [restartedMain] .s.d.r.c.RepositoryConfigurationDelegate : Bootstrapping Spring Data MongoDB repositories in DEFAULT mode.
2026-03-26T15:13:33.402-04:00  INFO 13020 --- [user-service] [restartedMain] .s.d.r.c.RepositoryConfigurationDelegate : Finished Spring Data repository scanning in 13 ms. Found 1 MongoDB repository interface.
2026-03-26T15:13:33.515-04:00  INFO 13020 --- [user-service] [restartedMain] o.s.cloud.context.scope.GenericScope     : BeanFactory id=5d06f482-5e75-3d56-9ad8-e8a822eacae3
2026-03-26T15:13:33.605-04:00  INFO 13020 --- [user-service] [restartedMain] o.s.b.w.embedded.tomcat.TomcatWebServer  : Tomcat initialized with port 8084 (http)
2026-03-26T15:13:33.608-04:00  INFO 13020 --- [user-service] [restartedMain] o.apache.catalina.core.StandardService   : Starting service [Tomcat]
2026-03-26T15:13:33.609-04:00  INFO 13020 --- [user-service] [restartedMain] o.apache.catalina.core.StandardEngine    : Starting Servlet engine: [Apache Tomcat/10.1.52]
2026-03-26T15:13:33.656-04:00  INFO 13020 --- [user-service] [restartedMain] o.a.c.c.C.[Tomcat-1].[localhost].[/]     : Initializing Spring embedded WebApplicationContext
2026-03-26T15:13:33.656-04:00  INFO 13020 --- [user-service] [restartedMain] w.s.c.ServletWebServerApplicationContext : Root WebApplicationContext: initialization completed in 751 ms
2026-03-26T15:13:33.741-04:00  INFO 13020 --- [user-service] [restartedMain] org.mongodb.driver.client                : MongoClient with metadata {"driver": {"name": "mongo-java-driver|sync|spring-boot", "version": "5.5.2"}, "os": {"type": "Windows", "name": "Windows 10", "architecture": "amd64", "version": "10.0"}, "platform": "Java/Eclipse Adoptium/25.0.2+10-LTS"} created with settings MongoClientSettings{readPreference=primary, writeConcern=WriteConcern{w=null, wTimeout=null ms, journal=null}, retryWrites=true, retryReads=true, readConcern=ReadConcern{level=null}, credential=MongoCredential{mechanism=null, userName='admin', source='admin', password=<hidden>, mechanismProperties=<hidden>}, transportSettings=null, commandListeners=[io.micrometer.core.instrument.binder.mongodb.MongoMetricsCommandListener@74f15b4d], codecRegistry=ProvidersCodecRegistry{codecProviders=[ValueCodecProvider{}, BsonValueCodecProvider{}, DBRefCodecProvider{}, DBObjectCodecProvider{}, DocumentCodecProvider{}, CollectionCodecProvider{}, IterableCodecProvider{}, MapCodecProvider{}, GeoJsonCodecProvider{}, GridFSFileCodecProvider{}, Jsr310CodecProvider{}, JsonObjectCodecProvider{}, BsonCodecProvider{}, EnumCodecProvider{}, com.mongodb.client.model.mql.ExpressionCodecProvider@3a2eca08, com.mongodb.Jep395RecordCodecProvider@2f3c299, com.mongodb.KotlinCodecProvider@277d2244]}, loggerSettings=LoggerSettings{maxDocumentLength=1000}, clusterSettings={hosts=[localhost:27017], srvServiceName=mongodb, mode=SINGLE, requiredClusterType=UNKNOWN, requiredReplicaSetName='null', serverSelector='null', clusterListeners='[]', serverSelectionTimeout='30000 ms', localThreshold='15 ms'}, socketSettings=SocketSettings{connectTimeoutMS=10000, readTimeoutMS=0, receiveBufferSize=0, proxySettings=ProxySettings{host=null, port=null, username=null, password=null}}, heartbeatSocketSettings=SocketSettings{connectTimeoutMS=10000, readTimeoutMS=10000, receiveBufferSize=0, proxySettings=ProxySettings{host=null, port=null, username=null, password=null}}, connectionPoolSettings=ConnectionPoolSettings{maxSize=100, minSize=0, maxWaitTimeMS=120000, maxConnectionLifeTimeMS=0, maxConnectionIdleTimeMS=0, maintenanceInitialDelayMS=0, maintenanceFrequencyMS=60000, connectionPoolListeners=[io.micrometer.core.instrument.binder.mongodb.MongoMetricsConnectionPoolListener@55dad396], maxConnecting=2}, serverSettings=ServerSettings{heartbeatFrequencyMS=10000, minHeartbeatFrequencyMS=500, serverMonitoringMode=AUTO, serverListeners='[]', serverMonitorListeners='[]'}, sslSettings=SslSettings{enabled=false, invalidHostNameAllowed=false, context=null}, applicationName='null', compressorList=[], uuidRepresentation=JAVA_LEGACY, serverApi=null, autoEncryptionSettings=null, dnsClient=null, inetAddressResolver=null, contextProvider=null, timeoutMS=null}
2026-03-26T15:13:33.746-04:00  INFO 13020 --- [user-service] [cluster-ClusterId{value='69c5855d71852daac6f6306a', description='null'}-localhost:27017] org.mongodb.driver.cluster               : Monitor thread successfully connected to server with description ServerDescription{address=localhost:27017, type=STANDALONE, cryptd=false, state=CONNECTED, ok=true, minWireVersion=0, maxWireVersion=21, maxDocumentSize=16777216, logicalSessionTimeoutMinutes=30, roundTripTimeNanos=2848200, minRoundTripTimeNanos=0}
2026-03-26T15:13:33.766-04:00  WARN 13020 --- [user-service] [restartedMain] o.s.b.d.a.OptionalLiveReloadServer       : Unable to start LiveReload server
2026-03-26T15:13:33.869-04:00  INFO 13020 --- [user-service] [restartedMain] o.s.c.openfeign.FeignClientFactoryBean   : For 'identity-service' URL not provided. Will try picking an instance via load-balancing.
2026-03-26T15:13:33.893-04:00  INFO 13020 --- [user-service] [restartedMain] o.s.c.openfeign.FeignClientFactoryBean   : For 'access-control-service' URL not provided. Will try picking an instance via load-balancing.
2026-03-26T15:13:34.102-04:00  INFO 13020 --- [user-service] [restartedMain] DiscoveryClientOptionalArgsConfiguration : Eureka HTTP Client uses RestTemplate.
2026-03-26T15:13:34.114-04:00  WARN 13020 --- [user-service] [restartedMain] iguration$LoadBalancerCaffeineWarnLogger : Spring Cloud LoadBalancer is currently working with the default cache. While this cache implementation is useful for development and tests, it's recommended to use Caffeine cache in production.You can switch to using Caffeine cache, by adding it and org.springframework.cache.caffeine.CaffeineCacheManager to the classpath.
2026-03-26T15:13:34.119-04:00  INFO 13020 --- [user-service] [restartedMain] o.s.b.a.e.web.EndpointLinksResolver      : Exposing 3 endpoints beneath base path '/actuator'
2026-03-26T15:13:34.135-04:00  INFO 13020 --- [user-service] [restartedMain] o.s.c.n.eureka.InstanceInfoFactory       : Setting initial instance status as: STARTING
2026-03-26T15:13:34.138-04:00  INFO 13020 --- [user-service] [restartedMain] com.netflix.discovery.DiscoveryClient    : Initializing Eureka in region us-east-1
2026-03-26T15:13:34.138-04:00  INFO 13020 --- [user-service] [restartedMain] c.n.d.s.r.aws.ConfigClusterResolver      : Resolving eureka endpoints via configuration
2026-03-26T15:13:34.138-04:00  INFO 13020 --- [user-service] [restartedMain] com.netflix.discovery.DiscoveryClient    : Disable delta property : false
2026-03-26T15:13:34.138-04:00  INFO 13020 --- [user-service] [restartedMain] com.netflix.discovery.DiscoveryClient    : Single vip registry refresh property : null
2026-03-26T15:13:34.138-04:00  INFO 13020 --- [user-service] [restartedMain] com.netflix.discovery.DiscoveryClient    : Force full registry fetch : false
2026-03-26T15:13:34.138-04:00  INFO 13020 --- [user-service] [restartedMain] com.netflix.discovery.DiscoveryClient    : Application is null : false
2026-03-26T15:13:34.138-04:00  INFO 13020 --- [user-service] [restartedMain] com.netflix.discovery.DiscoveryClient    : Registered Applications size is zero : true
2026-03-26T15:13:34.139-04:00  INFO 13020 --- [user-service] [restartedMain] com.netflix.discovery.DiscoveryClient    : Application version is -1: true
2026-03-26T15:13:34.139-04:00  INFO 13020 --- [user-service] [restartedMain] com.netflix.discovery.DiscoveryClient    : Getting all instance registry info from the eureka server
2026-03-26T15:13:34.172-04:00  INFO 13020 --- [user-service] [restartedMain] com.netflix.discovery.DiscoveryClient    : The response status is 200
2026-03-26T15:13:34.172-04:00  INFO 13020 --- [user-service] [restartedMain] com.netflix.discovery.DiscoveryClient    : Starting heartbeat executor: renew interval is: 30
2026-03-26T15:13:34.172-04:00  INFO 13020 --- [user-service] [restartedMain] c.n.discovery.InstanceInfoReplicator     : InstanceInfoReplicator onDemand update allowed rate per min is 4
2026-03-26T15:13:34.173-04:00  INFO 13020 --- [user-service] [restartedMain] com.netflix.discovery.DiscoveryClient    : Discovery Client initialized at timestamp 1774552414173 with initial instances count: 6
2026-03-26T15:13:34.174-04:00  INFO 13020 --- [user-service] [restartedMain] o.s.c.n.e.s.EurekaServiceRegistry        : Registering application USER-SERVICE with eureka with status UP
2026-03-26T15:13:34.174-04:00  INFO 13020 --- [user-service] [restartedMain] com.netflix.discovery.DiscoveryClient    : Saw local status change event StatusChangeEvent [timestamp=1774552414174, current=UP, previous=STARTING]
2026-03-26T15:13:34.174-04:00  INFO 13020 --- [user-service] [DiscoveryClient-InstanceInfoReplicator-%d] com.netflix.discovery.DiscoveryClient    : DiscoveryClient_USER-SERVICE/DESKTOP-JBAILU1:user-service:8084: registering service...
2026-03-26T15:13:34.178-04:00  INFO 13020 --- [user-service] [restartedMain] o.s.b.w.embedded.tomcat.TomcatWebServer  : Tomcat started on port 8084 (http) with context path '/'
2026-03-26T15:13:34.179-04:00  INFO 13020 --- [user-service] [restartedMain] .s.c.n.e.s.EurekaAutoServiceRegistration : Updating port to 8084
2026-03-26T15:13:34.190-04:00  INFO 13020 --- [user-service] [DiscoveryClient-InstanceInfoReplicator-%d] com.netflix.discovery.DiscoveryClient    : DiscoveryClient_USER-SERVICE/DESKTOP-JBAILU1:user-service:8084 - registration status: 204
2026-03-26T15:13:34.208-04:00  INFO 13020 --- [user-service] [restartedMain] c.i.user_service.UserServiceApplication  : Started UserServiceApplication in 1.368 seconds (process running for 7332.213)
2026-03-26T15:13:34.210-04:00  INFO 13020 --- [user-service] [restartedMain] .ConditionEvaluationDeltaLoggingListener : Condition evaluation unchanged
2026-03-26T15:16:13.744-04:00  INFO 13020 --- [user-service] [File Watcher] rtingClassPathChangeChangedEventListener : Restarting due to 1 class path change (0 additions, 0 deletions, 1 modification)
2026-03-26T15:16:13.746-04:00  INFO 13020 --- [user-service] [Thread-60] o.s.c.n.e.s.EurekaServiceRegistry        : Unregistering application USER-SERVICE with eureka with status DOWN
2026-03-26T15:16:13.746-04:00  INFO 13020 --- [user-service] [Thread-60] com.netflix.discovery.DiscoveryClient    : Saw local status change event StatusChangeEvent [timestamp=1774552573746, current=DOWN, previous=UP]
2026-03-26T15:16:13.746-04:00  INFO 13020 --- [user-service] [DiscoveryClient-InstanceInfoReplicator-%d] com.netflix.discovery.DiscoveryClient    : DiscoveryClient_USER-SERVICE/DESKTOP-JBAILU1:user-service:8084: registering service...
2026-03-26T15:16:13.747-04:00  INFO 13020 --- [user-service] [Thread-60] o.s.b.w.e.tomcat.GracefulShutdown        : Commencing graceful shutdown. Waiting for active requests to complete
2026-03-26T15:16:13.753-04:00  INFO 13020 --- [user-service] [DiscoveryClient-InstanceInfoReplicator-%d] com.netflix.discovery.DiscoveryClient    : DiscoveryClient_USER-SERVICE/DESKTOP-JBAILU1:user-service:8084 - registration status: 204
2026-03-26T15:16:13.776-04:00  INFO 13020 --- [user-service] [tomcat-shutdown] o.s.b.w.e.tomcat.GracefulShutdown        : Graceful shutdown complete
2026-03-26T15:16:13.785-04:00  INFO 13020 --- [user-service] [Thread-60] com.netflix.discovery.DiscoveryClient    : Shutting down DiscoveryClient ...
2026-03-26T15:16:16.788-04:00  INFO 13020 --- [user-service] [Thread-60] com.netflix.discovery.DiscoveryClient    : Unregistering ...
2026-03-26T15:16:16.794-04:00  INFO 13020 --- [user-service] [Thread-60] com.netflix.discovery.DiscoveryClient    : DiscoveryClient_USER-SERVICE/DESKTOP-JBAILU1:user-service:8084 - deregister  status: 200
2026-03-26T15:16:16.794-04:00  INFO 13020 --- [user-service] [Thread-60] com.netflix.discovery.DiscoveryClient    : Completed shut down of DiscoveryClient
2026-03-26T15:16:16.936-04:00  INFO 13020 --- [user-service] [restartedMain] c.i.user_service.UserServiceApplication  : Starting UserServiceApplication using Java 25.0.2 with PID 13020 (C:\Users\HP-OMEN\Desktop\Taller D\Group-C_Droca-Inmob_Backend\user-service\target\classes started by HP-OMEN in C:\Users\HP-OMEN\Desktop\Taller D\Group-C_Droca-Inmob_Backend\user-service)
2026-03-26T15:16:16.936-04:00  INFO 13020 --- [user-service] [restartedMain] c.i.user_service.UserServiceApplication  : No active profile set, falling back to 1 default profile: "default"
2026-03-26T15:16:17.421-04:00  INFO 13020 --- [user-service] [restartedMain] .s.d.r.c.RepositoryConfigurationDelegate : Bootstrapping Spring Data MongoDB repositories in DEFAULT mode.
2026-03-26T15:16:17.434-04:00  INFO 13020 --- [user-service] [restartedMain] .s.d.r.c.RepositoryConfigurationDelegate : Finished Spring Data repository scanning in 12 ms. Found 1 MongoDB repository interface.
2026-03-26T15:16:17.533-04:00  INFO 13020 --- [user-service] [restartedMain] o.s.cloud.context.scope.GenericScope     : BeanFactory id=5d06f482-5e75-3d56-9ad8-e8a822eacae3
2026-03-26T15:16:17.623-04:00  INFO 13020 --- [user-service] [restartedMain] o.s.b.w.embedded.tomcat.TomcatWebServer  : Tomcat initialized with port 8084 (http)
2026-03-26T15:16:17.626-04:00  INFO 13020 --- [user-service] [restartedMain] o.apache.catalina.core.StandardService   : Starting service [Tomcat]
2026-03-26T15:16:17.626-04:00  INFO 13020 --- [user-service] [restartedMain] o.apache.catalina.core.StandardEngine    : Starting Servlet engine: [Apache Tomcat/10.1.52]
2026-03-26T15:16:17.664-04:00  INFO 13020 --- [user-service] [restartedMain] o.a.c.c.C.[Tomcat-1].[localhost].[/]     : Initializing Spring embedded WebApplicationContext
2026-03-26T15:16:17.664-04:00  INFO 13020 --- [user-service] [restartedMain] w.s.c.ServletWebServerApplicationContext : Root WebApplicationContext: initialization completed in 726 ms
2026-03-26T15:16:17.754-04:00  INFO 13020 --- [user-service] [restartedMain] org.mongodb.driver.client                : MongoClient with metadata {"driver": {"name": "mongo-java-driver|sync|spring-boot", "version": "5.5.2"}, "os": {"type": "Windows", "name": "Windows 10", "architecture": "amd64", "version": "10.0"}, "platform": "Java/Eclipse Adoptium/25.0.2+10-LTS"} created with settings MongoClientSettings{readPreference=primary, writeConcern=WriteConcern{w=null, wTimeout=null ms, journal=null}, retryWrites=true, retryReads=true, readConcern=ReadConcern{level=null}, credential=MongoCredential{mechanism=null, userName='admin', source='admin', password=<hidden>, mechanismProperties=<hidden>}, transportSettings=null, commandListeners=[io.micrometer.core.instrument.binder.mongodb.MongoMetricsCommandListener@555218fd], codecRegistry=ProvidersCodecRegistry{codecProviders=[ValueCodecProvider{}, BsonValueCodecProvider{}, DBRefCodecProvider{}, DBObjectCodecProvider{}, DocumentCodecProvider{}, CollectionCodecProvider{}, IterableCodecProvider{}, MapCodecProvider{}, GeoJsonCodecProvider{}, GridFSFileCodecProvider{}, Jsr310CodecProvider{}, JsonObjectCodecProvider{}, BsonCodecProvider{}, EnumCodecProvider{}, com.mongodb.client.model.mql.ExpressionCodecProvider@3a2eca08, com.mongodb.Jep395RecordCodecProvider@2f3c299, com.mongodb.KotlinCodecProvider@277d2244]}, loggerSettings=LoggerSettings{maxDocumentLength=1000}, clusterSettings={hosts=[localhost:27017], srvServiceName=mongodb, mode=SINGLE, requiredClusterType=UNKNOWN, requiredReplicaSetName='null', serverSelector='null', clusterListeners='[]', serverSelectionTimeout='30000 ms', localThreshold='15 ms'}, socketSettings=SocketSettings{connectTimeoutMS=10000, readTimeoutMS=0, receiveBufferSize=0, proxySettings=ProxySettings{host=null, port=null, username=null, password=null}}, heartbeatSocketSettings=SocketSettings{connectTimeoutMS=10000, readTimeoutMS=10000, receiveBufferSize=0, proxySettings=ProxySettings{host=null, port=null, username=null, password=null}}, connectionPoolSettings=ConnectionPoolSettings{maxSize=100, minSize=0, maxWaitTimeMS=120000, maxConnectionLifeTimeMS=0, maxConnectionIdleTimeMS=0, maintenanceInitialDelayMS=0, maintenanceFrequencyMS=60000, connectionPoolListeners=[io.micrometer.core.instrument.binder.mongodb.MongoMetricsConnectionPoolListener@4fca7944], maxConnecting=2}, serverSettings=ServerSettings{heartbeatFrequencyMS=10000, minHeartbeatFrequencyMS=500, serverMonitoringMode=AUTO, serverListeners='[]', serverMonitorListeners='[]'}, sslSettings=SslSettings{enabled=false, invalidHostNameAllowed=false, context=null}, applicationName='null', compressorList=[], uuidRepresentation=JAVA_LEGACY, serverApi=null, autoEncryptionSettings=null, dnsClient=null, inetAddressResolver=null, contextProvider=null, timeoutMS=null}
2026-03-26T15:16:17.758-04:00  INFO 13020 --- [user-service] [cluster-ClusterId{value='69c5860171852daac6f6306b', description='null'}-localhost:27017] org.mongodb.driver.cluster               : Monitor thread successfully connected to server with description ServerDescription{address=localhost:27017, type=STANDALONE, cryptd=false, state=CONNECTED, ok=true, minWireVersion=0, maxWireVersion=21, maxDocumentSize=16777216, logicalSessionTimeoutMinutes=30, roundTripTimeNanos=3254300, minRoundTripTimeNanos=0}
2026-03-26T15:16:17.783-04:00  WARN 13020 --- [user-service] [restartedMain] o.s.b.d.a.OptionalLiveReloadServer       : Unable to start LiveReload server
2026-03-26T15:16:17.888-04:00  INFO 13020 --- [user-service] [restartedMain] o.s.c.openfeign.FeignClientFactoryBean   : For 'identity-service' URL not provided. Will try picking an instance via load-balancing.
2026-03-26T15:16:17.916-04:00  INFO 13020 --- [user-service] [restartedMain] o.s.c.openfeign.FeignClientFactoryBean   : For 'access-control-service' URL not provided. Will try picking an instance via load-balancing.
2026-03-26T15:16:18.119-04:00  INFO 13020 --- [user-service] [restartedMain] DiscoveryClientOptionalArgsConfiguration : Eureka HTTP Client uses RestTemplate.
2026-03-26T15:16:18.130-04:00  WARN 13020 --- [user-service] [restartedMain] iguration$LoadBalancerCaffeineWarnLogger : Spring Cloud LoadBalancer is currently working with the default cache. While this cache implementation is useful for development and tests, it's recommended to use Caffeine cache in production.You can switch to using Caffeine cache, by adding it and org.springframework.cache.caffeine.CaffeineCacheManager to the classpath.
2026-03-26T15:16:18.134-04:00  INFO 13020 --- [user-service] [restartedMain] o.s.b.a.e.web.EndpointLinksResolver      : Exposing 3 endpoints beneath base path '/actuator'
2026-03-26T15:16:18.150-04:00  INFO 13020 --- [user-service] [restartedMain] o.s.c.n.eureka.InstanceInfoFactory       : Setting initial instance status as: STARTING
2026-03-26T15:16:18.151-04:00  INFO 13020 --- [user-service] [restartedMain] com.netflix.discovery.DiscoveryClient    : Initializing Eureka in region us-east-1
2026-03-26T15:16:18.151-04:00  INFO 13020 --- [user-service] [restartedMain] c.n.d.s.r.aws.ConfigClusterResolver      : Resolving eureka endpoints via configuration
2026-03-26T15:16:18.152-04:00  INFO 13020 --- [user-service] [restartedMain] com.netflix.discovery.DiscoveryClient    : Disable delta property : false
2026-03-26T15:16:18.152-04:00  INFO 13020 --- [user-service] [restartedMain] com.netflix.discovery.DiscoveryClient    : Single vip registry refresh property : null
2026-03-26T15:16:18.152-04:00  INFO 13020 --- [user-service] [restartedMain] com.netflix.discovery.DiscoveryClient    : Force full registry fetch : false
2026-03-26T15:16:18.152-04:00  INFO 13020 --- [user-service] [restartedMain] com.netflix.discovery.DiscoveryClient    : Application is null : false
2026-03-26T15:16:18.152-04:00  INFO 13020 --- [user-service] [restartedMain] com.netflix.discovery.DiscoveryClient    : Registered Applications size is zero : true
2026-03-26T15:16:18.152-04:00  INFO 13020 --- [user-service] [restartedMain] com.netflix.discovery.DiscoveryClient    : Application version is -1: true
2026-03-26T15:16:18.152-04:00  INFO 13020 --- [user-service] [restartedMain] com.netflix.discovery.DiscoveryClient    : Getting all instance registry info from the eureka server
2026-03-26T15:16:18.180-04:00  INFO 13020 --- [user-service] [restartedMain] com.netflix.discovery.DiscoveryClient    : The response status is 200
2026-03-26T15:16:18.180-04:00  INFO 13020 --- [user-service] [restartedMain] com.netflix.discovery.DiscoveryClient    : Starting heartbeat executor: renew interval is: 30
2026-03-26T15:16:18.181-04:00  INFO 13020 --- [user-service] [restartedMain] c.n.discovery.InstanceInfoReplicator     : InstanceInfoReplicator onDemand update allowed rate per min is 4
2026-03-26T15:16:18.181-04:00  INFO 13020 --- [user-service] [restartedMain] com.netflix.discovery.DiscoveryClient    : Discovery Client initialized at timestamp 1774552578181 with initial instances count: 6
2026-03-26T15:16:18.182-04:00  INFO 13020 --- [user-service] [restartedMain] o.s.c.n.e.s.EurekaServiceRegistry        : Registering application USER-SERVICE with eureka with status UP
2026-03-26T15:16:18.182-04:00  INFO 13020 --- [user-service] [restartedMain] com.netflix.discovery.DiscoveryClient    : Saw local status change event StatusChangeEvent [timestamp=1774552578182, current=UP, previous=STARTING]
2026-03-26T15:16:18.182-04:00  INFO 13020 --- [user-service] [DiscoveryClient-InstanceInfoReplicator-%d] com.netflix.discovery.DiscoveryClient    : DiscoveryClient_USER-SERVICE/DESKTOP-JBAILU1:user-service:8084: registering service...
2026-03-26T15:16:18.186-04:00  INFO 13020 --- [user-service] [restartedMain] o.s.b.w.embedded.tomcat.TomcatWebServer  : Tomcat started on port 8084 (http) with context path '/'
2026-03-26T15:16:18.187-04:00  INFO 13020 --- [user-service] [restartedMain] .s.c.n.e.s.EurekaAutoServiceRegistration : Updating port to 8084
2026-03-26T15:16:18.195-04:00  INFO 13020 --- [user-service] [DiscoveryClient-InstanceInfoReplicator-%d] com.netflix.discovery.DiscoveryClient    : DiscoveryClient_USER-SERVICE/DESKTOP-JBAILU1:user-service:8084 - registration status: 204
2026-03-26T15:16:18.214-04:00  INFO 13020 --- [user-service] [restartedMain] c.i.user_service.UserServiceApplication  : Started UserServiceApplication in 1.331 seconds (process running for 7496.219)
2026-03-26T15:16:18.215-04:00  INFO 13020 --- [user-service] [restartedMain] .ConditionEvaluationDeltaLoggingListener : Condition evaluation unchanged
2026-03-26T15:16:57.311-04:00  INFO 13020 --- [user-service] [File Watcher] rtingClassPathChangeChangedEventListener : Restarting due to 1 class path change (0 additions, 0 deletions, 1 modification)
2026-03-26T15:16:57.314-04:00  INFO 13020 --- [user-service] [Thread-66] o.s.c.n.e.s.EurekaServiceRegistry        : Unregistering application USER-SERVICE with eureka with status DOWN
2026-03-26T15:16:57.314-04:00  INFO 13020 --- [user-service] [Thread-66] com.netflix.discovery.DiscoveryClient    : Saw local status change event StatusChangeEvent [timestamp=1774552617314, current=DOWN, previous=UP]
2026-03-26T15:16:57.314-04:00  INFO 13020 --- [user-service] [DiscoveryClient-InstanceInfoReplicator-%d] com.netflix.discovery.DiscoveryClient    : DiscoveryClient_USER-SERVICE/DESKTOP-JBAILU1:user-service:8084: registering service...
2026-03-26T15:16:57.316-04:00  INFO 13020 --- [user-service] [Thread-66] o.s.b.w.e.tomcat.GracefulShutdown        : Commencing graceful shutdown. Waiting for active requests to complete
2026-03-26T15:16:57.321-04:00  INFO 13020 --- [user-service] [DiscoveryClient-InstanceInfoReplicator-%d] com.netflix.discovery.DiscoveryClient    : DiscoveryClient_USER-SERVICE/DESKTOP-JBAILU1:user-service:8084 - registration status: 204
2026-03-26T15:16:57.345-04:00  INFO 13020 --- [user-service] [tomcat-shutdown] o.s.b.w.e.tomcat.GracefulShutdown        : Graceful shutdown complete
2026-03-26T15:16:57.357-04:00  INFO 13020 --- [user-service] [Thread-66] com.netflix.discovery.DiscoveryClient    : Shutting down DiscoveryClient ...
2026-03-26T15:17:00.358-04:00  INFO 13020 --- [user-service] [Thread-66] com.netflix.discovery.DiscoveryClient    : Unregistering ...
2026-03-26T15:17:00.361-04:00  INFO 13020 --- [user-service] [Thread-66] com.netflix.discovery.DiscoveryClient    : DiscoveryClient_USER-SERVICE/DESKTOP-JBAILU1:user-service:8084 - deregister  status: 200
2026-03-26T15:17:00.362-04:00  INFO 13020 --- [user-service] [Thread-66] com.netflix.discovery.DiscoveryClient    : Completed shut down of DiscoveryClient
2026-03-26T15:17:00.521-04:00  INFO 13020 --- [user-service] [restartedMain] c.i.user_service.UserServiceApplication  : Starting UserServiceApplication using Java 25.0.2 with PID 13020 (C:\Users\HP-OMEN\Desktop\Taller D\Group-C_Droca-Inmob_Backend\user-service\target\classes started by HP-OMEN in C:\Users\HP-OMEN\Desktop\Taller D\Group-C_Droca-Inmob_Backend\user-service)
2026-03-26T15:17:00.521-04:00  INFO 13020 --- [user-service] [restartedMain] c.i.user_service.UserServiceApplication  : No active profile set, falling back to 1 default profile: "default"
2026-03-26T15:17:01.032-04:00  INFO 13020 --- [user-service] [restartedMain] .s.d.r.c.RepositoryConfigurationDelegate : Bootstrapping Spring Data MongoDB repositories in DEFAULT mode.
2026-03-26T15:17:01.049-04:00  INFO 13020 --- [user-service] [restartedMain] .s.d.r.c.RepositoryConfigurationDelegate : Finished Spring Data repository scanning in 16 ms. Found 1 MongoDB repository interface.
2026-03-26T15:17:01.155-04:00  INFO 13020 --- [user-service] [restartedMain] o.s.cloud.context.scope.GenericScope     : BeanFactory id=5d06f482-5e75-3d56-9ad8-e8a822eacae3
2026-03-26T15:17:01.241-04:00  INFO 13020 --- [user-service] [restartedMain] o.s.b.w.embedded.tomcat.TomcatWebServer  : Tomcat initialized with port 8084 (http)
2026-03-26T15:17:01.242-04:00  INFO 13020 --- [user-service] [restartedMain] o.apache.catalina.core.StandardService   : Starting service [Tomcat]
2026-03-26T15:17:01.242-04:00  INFO 13020 --- [user-service] [restartedMain] o.apache.catalina.core.StandardEngine    : Starting Servlet engine: [Apache Tomcat/10.1.52]
2026-03-26T15:17:01.278-04:00  INFO 13020 --- [user-service] [restartedMain] o.a.c.c.C.[Tomcat-1].[localhost].[/]     : Initializing Spring embedded WebApplicationContext
2026-03-26T15:17:01.279-04:00  INFO 13020 --- [user-service] [restartedMain] w.s.c.ServletWebServerApplicationContext : Root WebApplicationContext: initialization completed in 755 ms
2026-03-26T15:17:01.362-04:00  INFO 13020 --- [user-service] [restartedMain] org.mongodb.driver.client                : MongoClient with metadata {"driver": {"name": "mongo-java-driver|sync|spring-boot", "version": "5.5.2"}, "os": {"type": "Windows", "name": "Windows 10", "architecture": "amd64", "version": "10.0"}, "platform": "Java/Eclipse Adoptium/25.0.2+10-LTS"} created with settings MongoClientSettings{readPreference=primary, writeConcern=WriteConcern{w=null, wTimeout=null ms, journal=null}, retryWrites=true, retryReads=true, readConcern=ReadConcern{level=null}, credential=MongoCredential{mechanism=null, userName='admin', source='admin', password=<hidden>, mechanismProperties=<hidden>}, transportSettings=null, commandListeners=[io.micrometer.core.instrument.binder.mongodb.MongoMetricsCommandListener@31f4cfa1], codecRegistry=ProvidersCodecRegistry{codecProviders=[ValueCodecProvider{}, BsonValueCodecProvider{}, DBRefCodecProvider{}, DBObjectCodecProvider{}, DocumentCodecProvider{}, CollectionCodecProvider{}, IterableCodecProvider{}, MapCodecProvider{}, GeoJsonCodecProvider{}, GridFSFileCodecProvider{}, Jsr310CodecProvider{}, JsonObjectCodecProvider{}, BsonCodecProvider{}, EnumCodecProvider{}, com.mongodb.client.model.mql.ExpressionCodecProvider@3a2eca08, com.mongodb.Jep395RecordCodecProvider@2f3c299, com.mongodb.KotlinCodecProvider@277d2244]}, loggerSettings=LoggerSettings{maxDocumentLength=1000}, clusterSettings={hosts=[localhost:27017], srvServiceName=mongodb, mode=SINGLE, requiredClusterType=UNKNOWN, requiredReplicaSetName='null', serverSelector='null', clusterListeners='[]', serverSelectionTimeout='30000 ms', localThreshold='15 ms'}, socketSettings=SocketSettings{connectTimeoutMS=10000, readTimeoutMS=0, receiveBufferSize=0, proxySettings=ProxySettings{host=null, port=null, username=null, password=null}}, heartbeatSocketSettings=SocketSettings{connectTimeoutMS=10000, readTimeoutMS=10000, receiveBufferSize=0, proxySettings=ProxySettings{host=null, port=null, username=null, password=null}}, connectionPoolSettings=ConnectionPoolSettings{maxSize=100, minSize=0, maxWaitTimeMS=120000, maxConnectionLifeTimeMS=0, maxConnectionIdleTimeMS=0, maintenanceInitialDelayMS=0, maintenanceFrequencyMS=60000, connectionPoolListeners=[io.micrometer.core.instrument.binder.mongodb.MongoMetricsConnectionPoolListener@7c194a12], maxConnecting=2}, serverSettings=ServerSettings{heartbeatFrequencyMS=10000, minHeartbeatFrequencyMS=500, serverMonitoringMode=AUTO, serverListeners='[]', serverMonitorListeners='[]'}, sslSettings=SslSettings{enabled=false, invalidHostNameAllowed=false, context=null}, applicationName='null', compressorList=[], uuidRepresentation=JAVA_LEGACY, serverApi=null, autoEncryptionSettings=null, dnsClient=null, inetAddressResolver=null, contextProvider=null, timeoutMS=null}
2026-03-26T15:17:01.367-04:00  INFO 13020 --- [user-service] [cluster-ClusterId{value='69c5862d71852daac6f6306c', description='null'}-localhost:27017] org.mongodb.driver.cluster               : Monitor thread successfully connected to server with description ServerDescription{address=localhost:27017, type=STANDALONE, cryptd=false, state=CONNECTED, ok=true, minWireVersion=0, maxWireVersion=21, maxDocumentSize=16777216, logicalSessionTimeoutMinutes=30, roundTripTimeNanos=2795100, minRoundTripTimeNanos=0}
2026-03-26T15:17:01.390-04:00  WARN 13020 --- [user-service] [restartedMain] o.s.b.d.a.OptionalLiveReloadServer       : Unable to start LiveReload server
2026-03-26T15:17:01.480-04:00  INFO 13020 --- [user-service] [restartedMain] o.s.c.openfeign.FeignClientFactoryBean   : For 'identity-service' URL not provided. Will try picking an instance via load-balancing.
2026-03-26T15:17:01.507-04:00  INFO 13020 --- [user-service] [restartedMain] o.s.c.openfeign.FeignClientFactoryBean   : For 'access-control-service' URL not provided. Will try picking an instance via load-balancing.
2026-03-26T15:17:01.701-04:00  INFO 13020 --- [user-service] [restartedMain] DiscoveryClientOptionalArgsConfiguration : Eureka HTTP Client uses RestTemplate.
2026-03-26T15:17:01.715-04:00  WARN 13020 --- [user-service] [restartedMain] iguration$LoadBalancerCaffeineWarnLogger : Spring Cloud LoadBalancer is currently working with the default cache. While this cache implementation is useful for development and tests, it's recommended to use Caffeine cache in production.You can switch to using Caffeine cache, by adding it and org.springframework.cache.caffeine.CaffeineCacheManager to the classpath.
2026-03-26T15:17:01.721-04:00  INFO 13020 --- [user-service] [restartedMain] o.s.b.a.e.web.EndpointLinksResolver      : Exposing 3 endpoints beneath base path '/actuator'
2026-03-26T15:17:01.752-04:00  INFO 13020 --- [user-service] [restartedMain] o.s.c.n.eureka.InstanceInfoFactory       : Setting initial instance status as: STARTING
2026-03-26T15:17:01.755-04:00  INFO 13020 --- [user-service] [restartedMain] com.netflix.discovery.DiscoveryClient    : Initializing Eureka in region us-east-1
2026-03-26T15:17:01.755-04:00  INFO 13020 --- [user-service] [restartedMain] c.n.d.s.r.aws.ConfigClusterResolver      : Resolving eureka endpoints via configuration
2026-03-26T15:17:01.756-04:00  INFO 13020 --- [user-service] [restartedMain] com.netflix.discovery.DiscoveryClient    : Disable delta property : false
2026-03-26T15:17:01.756-04:00  INFO 13020 --- [user-service] [restartedMain] com.netflix.discovery.DiscoveryClient    : Single vip registry refresh property : null
2026-03-26T15:17:01.756-04:00  INFO 13020 --- [user-service] [restartedMain] com.netflix.discovery.DiscoveryClient    : Force full registry fetch : false
2026-03-26T15:17:01.756-04:00  INFO 13020 --- [user-service] [restartedMain] com.netflix.discovery.DiscoveryClient    : Application is null : false
2026-03-26T15:17:01.756-04:00  INFO 13020 --- [user-service] [restartedMain] com.netflix.discovery.DiscoveryClient    : Registered Applications size is zero : true
2026-03-26T15:17:01.756-04:00  INFO 13020 --- [user-service] [restartedMain] com.netflix.discovery.DiscoveryClient    : Application version is -1: true
2026-03-26T15:17:01.756-04:00  INFO 13020 --- [user-service] [restartedMain] com.netflix.discovery.DiscoveryClient    : Getting all instance registry info from the eureka server
2026-03-26T15:17:01.804-04:00  INFO 13020 --- [user-service] [restartedMain] com.netflix.discovery.DiscoveryClient    : The response status is 200
2026-03-26T15:17:01.805-04:00  INFO 13020 --- [user-service] [restartedMain] com.netflix.discovery.DiscoveryClient    : Starting heartbeat executor: renew interval is: 30
2026-03-26T15:17:01.805-04:00  INFO 13020 --- [user-service] [restartedMain] c.n.discovery.InstanceInfoReplicator     : InstanceInfoReplicator onDemand update allowed rate per min is 4
2026-03-26T15:17:01.806-04:00  INFO 13020 --- [user-service] [restartedMain] com.netflix.discovery.DiscoveryClient    : Discovery Client initialized at timestamp 1774552621806 with initial instances count: 6
2026-03-26T15:17:01.806-04:00  INFO 13020 --- [user-service] [restartedMain] o.s.c.n.e.s.EurekaServiceRegistry        : Registering application USER-SERVICE with eureka with status UP
2026-03-26T15:17:01.807-04:00  INFO 13020 --- [user-service] [restartedMain] com.netflix.discovery.DiscoveryClient    : Saw local status change event StatusChangeEvent [timestamp=1774552621807, current=UP, previous=STARTING]
2026-03-26T15:17:01.807-04:00  INFO 13020 --- [user-service] [DiscoveryClient-InstanceInfoReplicator-%d] com.netflix.discovery.DiscoveryClient    : DiscoveryClient_USER-SERVICE/DESKTOP-JBAILU1:user-service:8084: registering service...
2026-03-26T15:17:01.812-04:00  INFO 13020 --- [user-service] [restartedMain] o.s.b.w.embedded.tomcat.TomcatWebServer  : Tomcat started on port 8084 (http) with context path '/'
2026-03-26T15:17:01.813-04:00  INFO 13020 --- [user-service] [restartedMain] .s.c.n.e.s.EurekaAutoServiceRegistration : Updating port to 8084
2026-03-26T15:17:01.820-04:00  INFO 13020 --- [user-service] [DiscoveryClient-InstanceInfoReplicator-%d] com.netflix.discovery.DiscoveryClient    : DiscoveryClient_USER-SERVICE/DESKTOP-JBAILU1:user-service:8084 - registration status: 204
2026-03-26T15:17:01.842-04:00  INFO 13020 --- [user-service] [restartedMain] c.i.user_service.UserServiceApplication  : Started UserServiceApplication in 1.378 seconds (process running for 7539.847)
2026-03-26T15:17:01.844-04:00  INFO 13020 --- [user-service] [restartedMain] .ConditionEvaluationDeltaLoggingListener : Condition evaluation unchanged
2026-03-26T15:17:29.545-04:00  INFO 13020 --- [user-service] [File Watcher] rtingClassPathChangeChangedEventListener : Restarting due to 1 class path change (0 additions, 0 deletions, 1 modification)
2026-03-26T15:17:29.546-04:00  INFO 13020 --- [user-service] [Thread-72] o.s.c.n.e.s.EurekaServiceRegistry        : Unregistering application USER-SERVICE with eureka with status DOWN
2026-03-26T15:17:29.546-04:00  INFO 13020 --- [user-service] [Thread-72] com.netflix.discovery.DiscoveryClient    : Saw local status change event StatusChangeEvent [timestamp=1774552649546, current=DOWN, previous=UP]
2026-03-26T15:17:29.546-04:00  INFO 13020 --- [user-service] [DiscoveryClient-InstanceInfoReplicator-%d] com.netflix.discovery.DiscoveryClient    : DiscoveryClient_USER-SERVICE/DESKTOP-JBAILU1:user-service:8084: registering service...
2026-03-26T15:17:29.546-04:00  INFO 13020 --- [user-service] [Thread-72] o.s.b.w.e.tomcat.GracefulShutdown        : Commencing graceful shutdown. Waiting for active requests to complete
2026-03-26T15:17:29.552-04:00  INFO 13020 --- [user-service] [DiscoveryClient-InstanceInfoReplicator-%d] com.netflix.discovery.DiscoveryClient    : DiscoveryClient_USER-SERVICE/DESKTOP-JBAILU1:user-service:8084 - registration status: 204
2026-03-26T15:17:29.569-04:00  INFO 13020 --- [user-service] [tomcat-shutdown] o.s.b.w.e.tomcat.GracefulShutdown        : Graceful shutdown complete
2026-03-26T15:17:29.576-04:00  INFO 13020 --- [user-service] [Thread-72] com.netflix.discovery.DiscoveryClient    : Shutting down DiscoveryClient ...
2026-03-26T15:17:32.578-04:00  INFO 13020 --- [user-service] [Thread-72] com.netflix.discovery.DiscoveryClient    : Unregistering ...
2026-03-26T15:17:32.578-04:00  WARN 13020 --- [user-service] [DiscoveryClient-%d] c.netflix.discovery.TimedSupervisorTask  : task supervisor shutting down, can't accept the task
2026-03-26T15:17:32.580-04:00  INFO 13020 --- [user-service] [Thread-72] com.netflix.discovery.DiscoveryClient    : DiscoveryClient_USER-SERVICE/DESKTOP-JBAILU1:user-service:8084 - deregister  status: 200
2026-03-26T15:17:32.581-04:00  INFO 13020 --- [user-service] [Thread-72] com.netflix.discovery.DiscoveryClient    : Completed shut down of DiscoveryClient
2026-03-26T15:17:32.720-04:00  INFO 13020 --- [user-service] [restartedMain] c.i.user_service.UserServiceApplication  : Starting UserServiceApplication using Java 25.0.2 with PID 13020 (C:\Users\HP-OMEN\Desktop\Taller D\Group-C_Droca-Inmob_Backend\user-service\target\classes started by HP-OMEN in C:\Users\HP-OMEN\Desktop\Taller D\Group-C_Droca-Inmob_Backend\user-service)
2026-03-26T15:17:32.720-04:00  INFO 13020 --- [user-service] [restartedMain] c.i.user_service.UserServiceApplication  : No active profile set, falling back to 1 default profile: "default"
2026-03-26T15:17:33.214-04:00  INFO 13020 --- [user-service] [restartedMain] .s.d.r.c.RepositoryConfigurationDelegate : Bootstrapping Spring Data MongoDB repositories in DEFAULT mode.
2026-03-26T15:17:33.229-04:00  INFO 13020 --- [user-service] [restartedMain] .s.d.r.c.RepositoryConfigurationDelegate : Finished Spring Data repository scanning in 13 ms. Found 1 MongoDB repository interface.
2026-03-26T15:17:33.360-04:00  INFO 13020 --- [user-service] [restartedMain] o.s.cloud.context.scope.GenericScope     : BeanFactory id=5d06f482-5e75-3d56-9ad8-e8a822eacae3
2026-03-26T15:17:33.422-04:00  INFO 13020 --- [user-service] [restartedMain] o.s.b.w.embedded.tomcat.TomcatWebServer  : Tomcat initialized with port 8084 (http)
2026-03-26T15:17:33.423-04:00  INFO 13020 --- [user-service] [restartedMain] o.apache.catalina.core.StandardService   : Starting service [Tomcat]
2026-03-26T15:17:33.423-04:00  INFO 13020 --- [user-service] [restartedMain] o.apache.catalina.core.StandardEngine    : Starting Servlet engine: [Apache Tomcat/10.1.52]
2026-03-26T15:17:33.463-04:00  INFO 13020 --- [user-service] [restartedMain] o.a.c.c.C.[Tomcat-1].[localhost].[/]     : Initializing Spring embedded WebApplicationContext
2026-03-26T15:17:33.463-04:00  INFO 13020 --- [user-service] [restartedMain] w.s.c.ServletWebServerApplicationContext : Root WebApplicationContext: initialization completed in 740 ms
2026-03-26T15:17:33.538-04:00  INFO 13020 --- [user-service] [restartedMain] org.mongodb.driver.client                : MongoClient with metadata {"driver": {"name": "mongo-java-driver|sync|spring-boot", "version": "5.5.2"}, "os": {"type": "Windows", "name": "Windows 10", "architecture": "amd64", "version": "10.0"}, "platform": "Java/Eclipse Adoptium/25.0.2+10-LTS"} created with settings MongoClientSettings{readPreference=primary, writeConcern=WriteConcern{w=null, wTimeout=null ms, journal=null}, retryWrites=true, retryReads=true, readConcern=ReadConcern{level=null}, credential=MongoCredential{mechanism=null, userName='admin', source='admin', password=<hidden>, mechanismProperties=<hidden>}, transportSettings=null, commandListeners=[io.micrometer.core.instrument.binder.mongodb.MongoMetricsCommandListener@55999288], codecRegistry=ProvidersCodecRegistry{codecProviders=[ValueCodecProvider{}, BsonValueCodecProvider{}, DBRefCodecProvider{}, DBObjectCodecProvider{}, DocumentCodecProvider{}, CollectionCodecProvider{}, IterableCodecProvider{}, MapCodecProvider{}, GeoJsonCodecProvider{}, GridFSFileCodecProvider{}, Jsr310CodecProvider{}, JsonObjectCodecProvider{}, BsonCodecProvider{}, EnumCodecProvider{}, com.mongodb.client.model.mql.ExpressionCodecProvider@3a2eca08, com.mongodb.Jep395RecordCodecProvider@2f3c299, com.mongodb.KotlinCodecProvider@277d2244]}, loggerSettings=LoggerSettings{maxDocumentLength=1000}, clusterSettings={hosts=[localhost:27017], srvServiceName=mongodb, mode=SINGLE, requiredClusterType=UNKNOWN, requiredReplicaSetName='null', serverSelector='null', clusterListeners='[]', serverSelectionTimeout='30000 ms', localThreshold='15 ms'}, socketSettings=SocketSettings{connectTimeoutMS=10000, readTimeoutMS=0, receiveBufferSize=0, proxySettings=ProxySettings{host=null, port=null, username=null, password=null}}, heartbeatSocketSettings=SocketSettings{connectTimeoutMS=10000, readTimeoutMS=10000, receiveBufferSize=0, proxySettings=ProxySettings{host=null, port=null, username=null, password=null}}, connectionPoolSettings=ConnectionPoolSettings{maxSize=100, minSize=0, maxWaitTimeMS=120000, maxConnectionLifeTimeMS=0, maxConnectionIdleTimeMS=0, maintenanceInitialDelayMS=0, maintenanceFrequencyMS=60000, connectionPoolListeners=[io.micrometer.core.instrument.binder.mongodb.MongoMetricsConnectionPoolListener@781d689c], maxConnecting=2}, serverSettings=ServerSettings{heartbeatFrequencyMS=10000, minHeartbeatFrequencyMS=500, serverMonitoringMode=AUTO, serverListeners='[]', serverMonitorListeners='[]'}, sslSettings=SslSettings{enabled=false, invalidHostNameAllowed=false, context=null}, applicationName='null', compressorList=[], uuidRepresentation=JAVA_LEGACY, serverApi=null, autoEncryptionSettings=null, dnsClient=null, inetAddressResolver=null, contextProvider=null, timeoutMS=null}
2026-03-26T15:17:33.542-04:00  INFO 13020 --- [user-service] [cluster-ClusterId{value='69c5864d71852daac6f6306d', description='null'}-localhost:27017] org.mongodb.driver.cluster               : Monitor thread successfully connected to server with description ServerDescription{address=localhost:27017, type=STANDALONE, cryptd=false, state=CONNECTED, ok=true, minWireVersion=0, maxWireVersion=21, maxDocumentSize=16777216, logicalSessionTimeoutMinutes=30, roundTripTimeNanos=2518700, minRoundTripTimeNanos=0}
2026-03-26T15:17:33.563-04:00  WARN 13020 --- [user-service] [restartedMain] o.s.b.d.a.OptionalLiveReloadServer       : Unable to start LiveReload server
2026-03-26T15:17:33.650-04:00  INFO 13020 --- [user-service] [restartedMain] o.s.c.openfeign.FeignClientFactoryBean   : For 'identity-service' URL not provided. Will try picking an instance via load-balancing.
2026-03-26T15:17:33.675-04:00  INFO 13020 --- [user-service] [restartedMain] o.s.c.openfeign.FeignClientFactoryBean   : For 'access-control-service' URL not provided. Will try picking an instance via load-balancing.
2026-03-26T15:17:33.868-04:00  INFO 13020 --- [user-service] [restartedMain] DiscoveryClientOptionalArgsConfiguration : Eureka HTTP Client uses RestTemplate.
2026-03-26T15:17:33.884-04:00  WARN 13020 --- [user-service] [restartedMain] iguration$LoadBalancerCaffeineWarnLogger : Spring Cloud LoadBalancer is currently working with the default cache. While this cache implementation is useful for development and tests, it's recommended to use Caffeine cache in production.You can switch to using Caffeine cache, by adding it and org.springframework.cache.caffeine.CaffeineCacheManager to the classpath.
2026-03-26T15:17:33.888-04:00  INFO 13020 --- [user-service] [restartedMain] o.s.b.a.e.web.EndpointLinksResolver      : Exposing 3 endpoints beneath base path '/actuator'
2026-03-26T15:17:33.902-04:00  INFO 13020 --- [user-service] [restartedMain] o.s.c.n.eureka.InstanceInfoFactory       : Setting initial instance status as: STARTING
2026-03-26T15:17:33.904-04:00  INFO 13020 --- [user-service] [restartedMain] com.netflix.discovery.DiscoveryClient    : Initializing Eureka in region us-east-1
2026-03-26T15:17:33.904-04:00  INFO 13020 --- [user-service] [restartedMain] c.n.d.s.r.aws.ConfigClusterResolver      : Resolving eureka endpoints via configuration
2026-03-26T15:17:33.904-04:00  INFO 13020 --- [user-service] [restartedMain] com.netflix.discovery.DiscoveryClient    : Disable delta property : false
2026-03-26T15:17:33.904-04:00  INFO 13020 --- [user-service] [restartedMain] com.netflix.discovery.DiscoveryClient    : Single vip registry refresh property : null
2026-03-26T15:17:33.904-04:00  INFO 13020 --- [user-service] [restartedMain] com.netflix.discovery.DiscoveryClient    : Force full registry fetch : false
2026-03-26T15:17:33.905-04:00  INFO 13020 --- [user-service] [restartedMain] com.netflix.discovery.DiscoveryClient    : Application is null : false
2026-03-26T15:17:33.905-04:00  INFO 13020 --- [user-service] [restartedMain] com.netflix.discovery.DiscoveryClient    : Registered Applications size is zero : true
2026-03-26T15:17:33.905-04:00  INFO 13020 --- [user-service] [restartedMain] com.netflix.discovery.DiscoveryClient    : Application version is -1: true
2026-03-26T15:17:33.905-04:00  INFO 13020 --- [user-service] [restartedMain] com.netflix.discovery.DiscoveryClient    : Getting all instance registry info from the eureka server
2026-03-26T15:17:33.922-04:00  INFO 13020 --- [user-service] [restartedMain] com.netflix.discovery.DiscoveryClient    : The response status is 200
2026-03-26T15:17:33.923-04:00  INFO 13020 --- [user-service] [restartedMain] com.netflix.discovery.DiscoveryClient    : Starting heartbeat executor: renew interval is: 30
2026-03-26T15:17:33.923-04:00  INFO 13020 --- [user-service] [restartedMain] c.n.discovery.InstanceInfoReplicator     : InstanceInfoReplicator onDemand update allowed rate per min is 4
2026-03-26T15:17:33.923-04:00  INFO 13020 --- [user-service] [restartedMain] com.netflix.discovery.DiscoveryClient    : Discovery Client initialized at timestamp 1774552653923 with initial instances count: 6
2026-03-26T15:17:33.924-04:00  INFO 13020 --- [user-service] [restartedMain] o.s.c.n.e.s.EurekaServiceRegistry        : Registering application USER-SERVICE with eureka with status UP
2026-03-26T15:17:33.924-04:00  INFO 13020 --- [user-service] [restartedMain] com.netflix.discovery.DiscoveryClient    : Saw local status change event StatusChangeEvent [timestamp=1774552653924, current=UP, previous=STARTING]
2026-03-26T15:17:33.924-04:00  INFO 13020 --- [user-service] [DiscoveryClient-InstanceInfoReplicator-%d] com.netflix.discovery.DiscoveryClient    : DiscoveryClient_USER-SERVICE/DESKTOP-JBAILU1:user-service:8084: registering service...
2026-03-26T15:17:33.927-04:00  INFO 13020 --- [user-service] [restartedMain] o.s.b.w.embedded.tomcat.TomcatWebServer  : Tomcat started on port 8084 (http) with context path '/'
2026-03-26T15:17:33.928-04:00  INFO 13020 --- [user-service] [restartedMain] .s.c.n.e.s.EurekaAutoServiceRegistration : Updating port to 8084
2026-03-26T15:17:33.934-04:00  INFO 13020 --- [user-service] [DiscoveryClient-InstanceInfoReplicator-%d] com.netflix.discovery.DiscoveryClient    : DiscoveryClient_USER-SERVICE/DESKTOP-JBAILU1:user-service:8084 - registration status: 204
2026-03-26T15:17:33.955-04:00  INFO 13020 --- [user-service] [restartedMain] c.i.user_service.UserServiceApplication  : Started UserServiceApplication in 1.288 seconds (process running for 7571.96)
2026-03-26T15:17:33.957-04:00  INFO 13020 --- [user-service] [restartedMain] .ConditionEvaluationDeltaLoggingListener : Condition evaluation unchanged
2026-03-26T15:18:27.874-04:00  INFO 13020 --- [user-service] [http-nio-8084-exec-1] o.a.c.c.C.[Tomcat-1].[localhost].[/]     : Initializing Spring DispatcherServlet 'dispatcherServlet'
2026-03-26T15:18:27.874-04:00  INFO 13020 --- [user-service] [http-nio-8084-exec-1] o.s.web.servlet.DispatcherServlet        : Initializing Servlet 'dispatcherServlet'
2026-03-26T15:18:27.877-04:00  INFO 13020 --- [user-service] [http-nio-8084-exec-1] o.s.web.servlet.DispatcherServlet        : Completed initialization in 2 ms
2026-03-26T15:19:13.952-04:00  INFO 13020 --- [user-service] [http-nio-8084-exec-3] c.i.user_service.service.PersonService   : Creating person profile for authUserId: 69c586b184fbd59d6a551344
2026-03-26T15:19:14.015-04:00  INFO 13020 --- [user-service] [http-nio-8084-exec-3] c.i.user_service.service.PersonService   : Client 69c586b271852daac6f6306e assigned to agent person_usr_test_agent_02
